<?xml version="1.0" encoding="UTF-8"?>
<!-- Generated by org.testng.reporters.JUnitReportReporter -->
<testsuite skipped="0" hostname="Manish-Mali" name="com.inetBankingV2.testCases.TC_LoginTest_001" tests="1" failures="0" timestamp="09 Jun 2023 05:30:24 GMT" time="2.608" errors="0">
  <testcase name="loginTest" time="2.608" classname="com.inetBankingV2.testCases.TC_LoginTest_001"/>
</testsuite> <!-- com.inetBankingV2.testCases.TC_LoginTest_001 -->
