<?xml version="1.0" encoding="UTF-8"?>
<!-- Generated by org.testng.reporters.JUnitReportReporter -->
<testsuite skipped="0" hostname="Manish-Mali" name="com.inetBankingV2.testCases.TC_AddNewCustomerTest_003" tests="1" failures="0" timestamp="14 Jan 2023 04:06:37 GMT" time="37.187" errors="0">
  <testcase name="addNewCustomer" time="37.187" classname="com.inetBankingV2.testCases.TC_AddNewCustomerTest_003"/>
</testsuite> <!-- com.inetBankingV2.testCases.TC_AddNewCustomerTest_003 -->
