<?xml version="1.0" encoding="UTF-8"?>
<!-- Generated by org.testng.reporters.JUnitReportReporter -->
<testsuite skipped="0" hostname="Manish-Mali" name="com.inetBankingV2.testCases.TC_AddNewCustomerTest_003" tests="1" failures="0" timestamp="09 Jun 2023 05:30:24 GMT" time="34.269" errors="0">
  <testcase name="addNewCustomer" time="34.269" classname="com.inetBankingV2.testCases.TC_AddNewCustomerTest_003"/>
</testsuite> <!-- com.inetBankingV2.testCases.TC_AddNewCustomerTest_003 -->
