<?xml version="1.0" encoding="UTF-8"?>
<!-- Generated by org.testng.reporters.JUnitReportReporter -->
<testsuite skipped="0" hostname="Manish-Mali" name="com.inetBankingV2.testCases.TC_LoginTest_001" tests="1" failures="0" timestamp="14 Jan 2023 04:06:37 GMT" time="5.065" errors="0">
  <testcase name="loginTest" time="5.065" classname="com.inetBankingV2.testCases.TC_LoginTest_001"/>
</testsuite> <!-- com.inetBankingV2.testCases.TC_LoginTest_001 -->
